{"created": 1552047963.4450274, "duration": 5.924863815307617, "exitcode": 1, "root": "D:\\Workspace\\AutomationProject", "environment": {"Python": "3.7.2", "Platform": "Windows-10-10.0.17134-SP0", "Packages": {"pytest": "4.2.0", "py": "1.7.0", "pluggy": "0.8.1"}, "Plugins": {"cov": "2.6.1", "metadata": "1.8.0", "json": "0.4.0", "json-report": "1.0.3", "html": "1.20.0", "allure-pytest": "2.5.5"}, "JAVA_HOME": "C:\\Program Files\\Java\\jdk1.8.0_131"}, "summary": {"failed": 1, "total": 1}, "collectors": [{"nodeid": "", "outcome": "passed", "result": [{"nodeid": "config/__init__.py", "type": "Package"}, {"nodeid": "core/__init__.py", "type": "Package"}, {"nodeid": "core/api/__init__.py", "type": "Package"}, {"nodeid": "core/browsers/__init__.py", "type": "Package"}, {"nodeid": "core/configuration/__init__.py", "type": "Package"}, {"nodeid": "core/data_providers/__init__.py", "type": "Package"}, {"nodeid": "core/decorators/__init__.py", "type": "Package"}, {"nodeid": "core/file_manager/__init__.py", "type": "Package"}, {"nodeid": "core/page/__init__.py", "type": "Package"}, {"nodeid": "core/reporter/__init__.py", "type": "Package"}, {"nodeid": "core/web/__init__.py", "type": "Package"}, {"nodeid": "tests/__init__.py", "type": "Package"}, {"nodeid": "tests/pages/__init__.py", "type": "Package"}, {"nodeid": "tests/test_suites/__init__.py", "type": "Package"}]}, {"nodeid": "config/__init__.py", "outcome": "passed", "result": []}, {"nodeid": "core/__init__.py", "outcome": "passed", "result": []}, {"nodeid": "core/api/__init__.py", "outcome": "passed", "result": []}, {"nodeid": "core/browsers/__init__.py", "outcome": "passed", "result": []}, {"nodeid": "core/configuration/__init__.py", "outcome": "passed", "result": []}, {"nodeid": "core/data_providers/__init__.py", "outcome": "passed", "result": []}, {"nodeid": "core/decorators/__init__.py", "outcome": "passed", "result": []}, {"nodeid": "core/file_manager/__init__.py", "outcome": "passed", "result": []}, {"nodeid": "core/page/__init__.py", "outcome": "passed", "result": []}, {"nodeid": "core/reporter/__init__.py", "outcome": "passed", "result": []}, {"nodeid": "core/web/__init__.py", "outcome": "passed", "result": []}, {"nodeid": "tests/__init__.py", "outcome": "passed", "result": []}, {"nodeid": "tests/pages/__init__.py", "outcome": "passed", "result": []}, {"nodeid": "tests/test_suites/test_search.py::TestSearch", "outcome": "passed", "result": [{"nodeid": "tests/test_suites/test_search.py::TestSearch::test_search", "type": "Function", "lineno": 14}]}, {"nodeid": "tests/test_suites/test_search.py::TestSearch", "outcome": "passed", "result": [{"nodeid": "tests/test_suites/test_search.py::TestSearch", "type": "Instance"}]}, {"nodeid": "tests/test_suites/test_search.py", "outcome": "passed", "result": [{"nodeid": "tests/test_suites/test_search.py::TestSearch", "type": "Class"}]}, {"nodeid": "tests/test_suites/__init__.py", "outcome": "passed", "result": [{"nodeid": "tests/test_suites/test_search.py", "type": "Module"}]}], "tests": [{"nodeid": "tests/test_suites/test_search.py::TestSearch::test_search", "lineno": 14, "outcome": "failed", "keywords": ["AutomationProject", "test_search", "pytestmark", "allure_link.test_case:test case name", "allure_label.story", "()", "tests/test_suites/__init__.py", "test_search.py", "usefixtures", "TestSearch", "allure_label.feature"], "setup": {"duration": 2.254939556121826, "outcome": "passed"}, "call": {"duration": 0.9808123111724854, "outcome": "failed", "crash": {"path": "C:\\Users\\mrane\\AppData\\Local\\Programs\\Python\\Python37-32\\lib\\site-packages\\selenium\\webdriver\\remote\\errorhandler.py", "lineno": 242, "message": "selenium.common.exceptions.NoSuchElementException: Message: no such element: Unable to locate element: {\"method\":\"name\",\"selector\":\"q\"}\n  (Session info: headless chrome=72.0.3626.121)\n  (Driver info: chromedriver=2.45.615291 (ec3682e3c9061c10f26ea9e5cdcf3c53f3f74387),platform=Windows NT 10.0.17134 x86_64)"}, "traceback": [{"path": "tests\\test_suites\\test_search.py", "lineno": 18, "message": ""}, {"path": "tests\\pages\\search_page.py", "lineno": 21, "message": "in search"}, {"path": "core\\page\\element.py", "lineno": 27, "message": "in __get__"}, {"path": "C:\\Users\\mrane\\AppData\\Local\\Programs\\Python\\Python37-32\\lib\\site-packages\\selenium\\webdriver\\remote\\webdriver.py", "lineno": 978, "message": "in find_element"}, {"path": "C:\\Users\\mrane\\AppData\\Local\\Programs\\Python\\Python37-32\\lib\\site-packages\\selenium\\webdriver\\remote\\webdriver.py", "lineno": 321, "message": "in execute"}, {"path": "C:\\Users\\mrane\\AppData\\Local\\Programs\\Python\\Python37-32\\lib\\site-packages\\selenium\\webdriver\\remote\\errorhandler.py", "lineno": 242, "message": "NoSuchElementException"}], "longrepr": "self = <tests.test_suites.test_search.TestSearch object at 0x041CB730>\n\n    @allure.testcase(\"test case name\")\n    def test_search(self):\n        page = CreatePage.get(SearchPage, self.driver)\n>       page.search(\"test\")\n\ntests\\test_suites\\test_search.py:18: \n_ _ _ _ _ _ _ _ _ _ _ _ _ _ _ _ _ _ _ _ _ _ _ _ _ _ _ _ _ _ _ _ _ _ _ _ _ _ _ _ _ _ _ _ _ _ _ _ _ _ _ _ _ _ _ _ _ _ _ _ _ _ _ _ _ _ _ _ _ \ntests\\pages\\search_page.py:21: in search\n    self.search_field.send_keys(query + Keys.ENTER)\ncore\\page\\element.py:27: in __get__\n    return instance.driver.find_element(self._by, self._locator)\nC:\\Users\\mrane\\AppData\\Local\\Programs\\Python\\Python37-32\\lib\\site-packages\\selenium\\webdriver\\remote\\webdriver.py:978: in find_element\n    'value': value})['value']\nC:\\Users\\mrane\\AppData\\Local\\Programs\\Python\\Python37-32\\lib\\site-packages\\selenium\\webdriver\\remote\\webdriver.py:321: in execute\n    self.error_handler.check_response(response)\n_ _ _ _ _ _ _ _ _ _ _ _ _ _ _ _ _ _ _ _ _ _ _ _ _ _ _ _ _ _ _ _ _ _ _ _ _ _ _ _ _ _ _ _ _ _ _ _ _ _ _ _ _ _ _ _ _ _ _ _ _ _ _ _ _ _ _ _ _ \n\nself = <selenium.webdriver.remote.errorhandler.ErrorHandler object at 0x03464FD0>\nresponse = {'sessionId': '5930b8f13f604c2f0870823d652ff8c9', 'status': 7, 'value': {'message': 'no such element: Unable to locate...ver info: chromedriver=2.45.615291 (ec3682e3c9061c10f26ea9e5cdcf3c53f3f74387),platform=Windows NT 10.0.17134 x86_64)'}}\n\n    def check_response(self, response):\n        \"\"\"\n        Checks that a JSON response from the WebDriver does not have an error.\n    \n        :Args:\n         - response - The JSON response from the WebDriver server as a dictionary\n           object.\n    \n        :Raises: If the response contains an error message.\n        \"\"\"\n        status = response.get('status', None)\n        if status is None or status == ErrorCode.SUCCESS:\n            return\n        value = None\n        message = response.get(\"message\", \"\")\n        screen = response.get(\"screen\", \"\")\n        stacktrace = None\n        if isinstance(status, int):\n            value_json = response.get('value', None)\n            if value_json and isinstance(value_json, basestring):\n                import json\n                try:\n                    value = json.loads(value_json)\n                    if len(value.keys()) == 1:\n                        value = value['value']\n                    status = value.get('error', None)\n                    if status is None:\n                        status = value[\"status\"]\n                        message = value[\"value\"]\n                        if not isinstance(message, basestring):\n                            value = message\n                            message = message.get('message')\n                    else:\n                        message = value.get('message', None)\n                except ValueError:\n                    pass\n    \n        exception_class = ErrorInResponseException\n        if status in ErrorCode.NO_SUCH_ELEMENT:\n            exception_class = NoSuchElementException\n        elif status in ErrorCode.NO_SUCH_FRAME:\n            exception_class = NoSuchFrameException\n        elif status in ErrorCode.NO_SUCH_WINDOW:\n            exception_class = NoSuchWindowException\n        elif status in ErrorCode.STALE_ELEMENT_REFERENCE:\n            exception_class = StaleElementReferenceException\n        elif status in ErrorCode.ELEMENT_NOT_VISIBLE:\n            exception_class = ElementNotVisibleException\n        elif status in ErrorCode.INVALID_ELEMENT_STATE:\n            exception_class = InvalidElementStateException\n        elif status in ErrorCode.INVALID_SELECTOR \\\n                or status in ErrorCode.INVALID_XPATH_SELECTOR \\\n                or status in ErrorCode.INVALID_XPATH_SELECTOR_RETURN_TYPER:\n            exception_class = InvalidSelectorException\n        elif status in ErrorCode.ELEMENT_IS_NOT_SELECTABLE:\n            exception_class = ElementNotSelectableException\n        elif status in ErrorCode.ELEMENT_NOT_INTERACTABLE:\n            exception_class = ElementNotInteractableException\n        elif status in ErrorCode.INVALID_COOKIE_DOMAIN:\n            exception_class = InvalidCookieDomainException\n        elif status in ErrorCode.UNABLE_TO_SET_COOKIE:\n            exception_class = UnableToSetCookieException\n        elif status in ErrorCode.TIMEOUT:\n            exception_class = TimeoutException\n        elif status in ErrorCode.SCRIPT_TIMEOUT:\n            exception_class = TimeoutException\n        elif status in ErrorCode.UNKNOWN_ERROR:\n            exception_class = WebDriverException\n        elif status in ErrorCode.UNEXPECTED_ALERT_OPEN:\n            exception_class = UnexpectedAlertPresentException\n        elif status in ErrorCode.NO_ALERT_OPEN:\n            exception_class = NoAlertPresentException\n        elif status in ErrorCode.IME_NOT_AVAILABLE:\n            exception_class = ImeNotAvailableException\n        elif status in ErrorCode.IME_ENGINE_ACTIVATION_FAILED:\n            exception_class = ImeActivationFailedException\n        elif status in ErrorCode.MOVE_TARGET_OUT_OF_BOUNDS:\n            exception_class = MoveTargetOutOfBoundsException\n        elif status in ErrorCode.JAVASCRIPT_ERROR:\n            exception_class = JavascriptException\n        elif status in ErrorCode.SESSION_NOT_CREATED:\n            exception_class = SessionNotCreatedException\n        elif status in ErrorCode.INVALID_ARGUMENT:\n            exception_class = InvalidArgumentException\n        elif status in ErrorCode.NO_SUCH_COOKIE:\n            exception_class = NoSuchCookieException\n        elif status in ErrorCode.UNABLE_TO_CAPTURE_SCREEN:\n            exception_class = ScreenshotException\n        elif status in ErrorCode.ELEMENT_CLICK_INTERCEPTED:\n            exception_class = ElementClickInterceptedException\n        elif status in ErrorCode.INSECURE_CERTIFICATE:\n            exception_class = InsecureCertificateException\n        elif status in ErrorCode.INVALID_COORDINATES:\n            exception_class = InvalidCoordinatesException\n        elif status in ErrorCode.INVALID_SESSION_ID:\n            exception_class = InvalidSessionIdException\n        elif status in ErrorCode.UNKNOWN_METHOD:\n            exception_class = UnknownMethodException\n        else:\n            exception_class = WebDriverException\n        if value == '' or value is None:\n            value = response['value']\n        if isinstance(value, basestring):\n            if exception_class == ErrorInResponseException:\n                raise exception_class(response, value)\n            raise exception_class(value)\n        if message == \"\" and 'message' in value:\n            message = value['message']\n    \n        screen = None\n        if 'screen' in value:\n            screen = value['screen']\n    \n        stacktrace = None\n        if 'stackTrace' in value and value['stackTrace']:\n            stacktrace = []\n            try:\n                for frame in value['stackTrace']:\n                    line = self._value_or_default(frame, 'lineNumber', '')\n                    file = self._value_or_default(frame, 'fileName', '<anonymous>')\n                    if line:\n                        file = \"%s:%s\" % (file, line)\n                    meth = self._value_or_default(frame, 'methodName', '<anonymous>')\n                    if 'className' in frame:\n                        meth = \"%s.%s\" % (frame['className'], meth)\n                    msg = \"    at %s (%s)\"\n                    msg = msg % (meth, file)\n                    stacktrace.append(msg)\n            except TypeError:\n                pass\n        if exception_class == ErrorInResponseException:\n            raise exception_class(response, message)\n        elif exception_class == UnexpectedAlertPresentException:\n            alert_text = None\n            if 'data' in value:\n                alert_text = value['data'].get('text')\n            elif 'alert' in value:\n                alert_text = value['alert'].get('text')\n            raise exception_class(message, screen, stacktrace, alert_text)\n>       raise exception_class(message, screen, stacktrace)\nE       selenium.common.exceptions.NoSuchElementException: Message: no such element: Unable to locate element: {\"method\":\"name\",\"selector\":\"q\"}\nE         (Session info: headless chrome=72.0.3626.121)\nE         (Driver info: chromedriver=2.45.615291 (ec3682e3c9061c10f26ea9e5cdcf3c53f3f74387),platform=Windows NT 10.0.17134 x86_64)\n\nC:\\Users\\mrane\\AppData\\Local\\Programs\\Python\\Python37-32\\lib\\site-packages\\selenium\\webdriver\\remote\\errorhandler.py:242: NoSuchElementException"}, "teardown": {"duration": 2.089428186416626, "outcome": "passed"}}], "warnings": [{"message": "use setter for headless property instead of set_headless", "when": "runtest", "filename": "D:\\Workspace\\AutomationProject\\core\\browsers\\web_drivers.py", "lineno": 17}]}